# JRE version: OpenJDK Runtime Environment (11.0.12+7) (build 11.0.12+7-b1504.28-7817840)
# Java VM: OpenJDK 64-Bit Server VM (11.0.12+7-b1504.28-7817840, mixed mode, tiered, compressed oops, g1 gc, windows-amd64)
Heap:
 garbage-first heap   total 312320K, used 177938K [0x0000000080000000, 0x0000000100000000)
  region size 1024K, 24 young (24576K), 2 survivors (2048K)
 Metaspace       used 146468K, capacity 151569K, committed 152476K, reserved 1181696K
  class space    used 17516K, capacity 19369K, committed 19964K, reserved 1048576K
GC Heap History (20 events):
Event: 13092.384 GC heap before
{Heap before GC invocations=353 (full 0):
 garbage-first heap   total 312320K, used 202307K [0x0000000080000000, 0x0000000100000000)
  region size 1024K, 33 young (33792K), 2 survivors (2048K)
 Metaspace       used 146220K, capacity 151346K, committed 152476K, reserved 1181696K
  class space    used 17511K, capacity 19366K, committed 19964K, reserved 1048576K
}
Event: 13092.391 GC heap after
{Heap after GC invocations=354 (full 0):
 garbage-first heap   total 312320K, used 173577K [0x0000000080000000, 0x0000000100000000)
  region size 1024K, 3 young (3072K), 3 survivors (3072K)
 Metaspace       used 146220K, capacity 151346K, committed 152476K, reserved 1181696K
  class space    used 17511K, capacity 19366K, committed 19964K, reserved 1048576K
}
Event: 13092.701 GC heap before
{Heap before GC invocations=355 (full 0):
 garbage-first heap   total 312320K, used 220681K [0x0000000080000000, 0x0000000100000000)
  region size 1024K, 58 young (59392K), 3 survivors (3072K)
 Metaspace       used 146281K, capacity 151415K, committed 152476K, reserved 1181696K
  class space    used 17515K, capacity 19367K, committed 19964K, reserved 1048576K
}
Event: 13092.704 GC heap after
{Heap after GC invocations=356 (full 0):
 garbage-first heap   total 312320K, used 164801K [0x0000000080000000, 0x0000000100000000)
  region size 1024K, 3 young (3072K), 3 survivors (3072K)
 Metaspace       used 146281K, capacity 151415K, committed 152476K, reserved 1181696K
  class space    used 17515K, capacity 19367K, committed 19964K, reserved 1048576K
}
Event: 13092.753 GC heap before
{Heap before GC invocations=356 (full 0):
 garbage-first heap   total 312320K, used 176065K [0x0000000080000000, 0x0000000100000000)
  region size 1024K, 15 young (15360K), 3 survivors (3072K)
 Metaspace       used 146292K, capacity 151427K, committed 152476K, reserved 1181696K
  class space    used 17516K, capacity 19369K, committed 19964K, reserved 1048576K
}
Event: 13092.762 GC heap after
{Heap after GC invocations=357 (full 0):
 garbage-first heap   total 312320K, used 149050K [0x0000000080000000, 0x0000000100000000)
  region size 1024K, 1 young (1024K), 1 survivors (1024K)
 Metaspace       used 146292K, capacity 151427K, committed 152476K, reserved 1181696K
  class space    used 17516K, capacity 19369K, committed 19964K, reserved 1048576K
}
Event: 13092.854 GC heap before
{Heap before GC invocations=357 (full 0):
 garbage-first heap   total 312320K, used 162362K [0x0000000080000000, 0x0000000100000000)
  region size 1024K, 15 young (15360K), 1 survivors (1024K)
 Metaspace       used 146293K, capacity 151427K, committed 152476K, reserved 1181696K
  class space    used 17516K, capacity 19369K, committed 19964K, reserved 1048576K
}
Event: 13092.857 GC heap after
{Heap after GC invocations=358 (full 0):
 garbage-first heap   total 312320K, used 149207K [0x0000000080000000, 0x0000000100000000)
  region size 1024K, 1 young (1024K), 1 survivors (1024K)
 Metaspace       used 146293K, capacity 151427K, committed 152476K, reserved 1181696K
  class space    used 17516K, capacity 19369K, committed 19964K, reserved 1048576K
}
Event: 13176.816 GC heap before
{Heap before GC invocations=359 (full 0):
 garbage-first heap   total 312320K, used 244439K [0x0000000080000000, 0x0000000100000000)
  region size 1024K, 75 young (76800K), 1 survivors (1024K)
 Metaspace       used 146336K, capacity 151433K, committed 152476K, reserved 1181696K
  class space    used 17516K, capacity 19369K, committed 19964K, reserved 1048576K
}
Event: 13176.824 GC heap after
{Heap after GC invocations=360 (full 0):
 garbage-first heap   total 312320K, used 161247K [0x0000000080000000, 0x0000000100000000)
  region size 1024K, 10 young (10240K), 10 survivors (10240K)
 Metaspace       used 146336K, capacity 151433K, committed 152476K, reserved 1181696K
  class space    used 17516K, capacity 19369K, committed 19964K, reserved 1048576K
}
Event: 13176.840 GC heap before
{Heap before GC invocations=360 (full 0):
 garbage-first heap   total 312320K, used 166367K [0x0000000080000000, 0x0000000100000000)
  region size 1024K, 15 young (15360K), 10 survivors (10240K)
 Metaspace       used 146336K, capacity 151433K, committed 152476K, reserved 1181696K
  class space    used 17516K, capacity 19369K, committed 19964K, reserved 1048576K
}
Event: 13176.848 GC heap after
{Heap after GC invocations=361 (full 0):
 garbage-first heap   total 312320K, used 161524K [0x0000000080000000, 0x0000000100000000)
  region size 1024K, 2 young (2048K), 2 survivors (2048K)
 Metaspace       used 146336K, capacity 151433K, committed 152476K, reserved 1181696K
  class space    used 17516K, capacity 19369K, committed 19964K, reserved 1048576K
}
Event: 13177.129 GC heap before
{Heap before GC invocations=361 (full 0):
 garbage-first heap   total 312320K, used 213748K [0x0000000080000000, 0x0000000100000000)
  region size 1024K, 55 young (56320K), 2 survivors (2048K)
 Metaspace       used 146364K, capacity 151497K, committed 152476K, reserved 1181696K
  class space    used 17516K, capacity 19369K, committed 19964K, reserved 1048576K
}
Event: 13177.138 GC heap after
{Heap after GC invocations=362 (full 0):
 garbage-first heap   total 312320K, used 167776K [0x0000000080000000, 0x0000000100000000)
  region size 1024K, 8 young (8192K), 8 survivors (8192K)
 Metaspace       used 146364K, capacity 151497K, committed 152476K, reserved 1181696K
  class space    used 17516K, capacity 19369K, committed 19964K, reserved 1048576K
}
Event: 13177.274 GC heap before
{Heap before GC invocations=362 (full 0):
 garbage-first heap   total 312320K, used 242528K [0x0000000080000000, 0x0000000100000000)
  region size 1024K, 78 young (79872K), 8 survivors (8192K)
 Metaspace       used 146413K, capacity 151568K, committed 152476K, reserved 1181696K
  class space    used 17516K, capacity 19369K, committed 19964K, reserved 1048576K
}
Event: 13177.284 GC heap after
{Heap after GC invocations=363 (full 0):
 garbage-first heap   total 312320K, used 176614K [0x0000000080000000, 0x0000000100000000)
  region size 1024K, 10 young (10240K), 10 survivors (10240K)
 Metaspace       used 146413K, capacity 151568K, committed 152476K, reserved 1181696K
  class space    used 17516K, capacity 19369K, committed 19964K, reserved 1048576K
}
Event: 13180.761 GC heap before
{Heap before GC invocations=364 (full 0):
 garbage-first heap   total 312320K, used 263654K [0x0000000080000000, 0x0000000100000000)
  region size 1024K, 77 young (78848K), 10 survivors (10240K)
 Metaspace       used 146435K, capacity 151568K, committed 152476K, reserved 1181696K
  class space    used 17516K, capacity 19369K, committed 19964K, reserved 1048576K
}
Event: 13180.765 GC heap after
{Heap after GC invocations=365 (full 0):
 garbage-first heap   total 312320K, used 170096K [0x0000000080000000, 0x0000000100000000)
  region size 1024K, 3 young (3072K), 3 survivors (3072K)
 Metaspace       used 146435K, capacity 151568K, committed 152476K, reserved 1181696K
  class space    used 17516K, capacity 19369K, committed 19964K, reserved 1048576K
}
Event: 13180.794 GC heap before
{Heap before GC invocations=365 (full 0):
 garbage-first heap   total 312320K, used 181360K [0x0000000080000000, 0x0000000100000000)
  region size 1024K, 15 young (15360K), 3 survivors (3072K)
 Metaspace       used 146452K, capacity 151568K, committed 152476K, reserved 1181696K
  class space    used 17516K, capacity 19369K, committed 19964K, reserved 1048576K
}
Event: 13180.805 GC heap after
{Heap after GC invocations=366 (full 0):
 garbage-first heap   total 312320K, used 157458K [0x0000000080000000, 0x0000000100000000)
  region size 1024K, 2 young (2048K), 2 survivors (2048K)
 Metaspace       used 146452K, capacity 151568K, committed 152476K, reserved 1181696K
  class space    used 17516K, capacity 19369K, committed 19964K, reserved 1048576K
}

